Arguments: 
  /home/eeyorr/.nvm/versions/node/v10.12.0/bin/node /usr/share/yarn/lib/cli.js add gatsby react react-dom gatsby-theme-blog

PATH: 
  /home/eeyorr/.nvm/versions/node/v10.12.0/bin:/mnt/c/Program Files/Microsoft VS Code/bin:/mnt/c/Users/Eric/sqlite:/mnt/c/wamp64/bin/mysql/mysql5.7.19/bin:/home/eeyorr/.composer/vendor/bin:/usr/local/sbin:/usr/local/bin:/usr/sbin:/usr/bin:/sbin:/bin:/usr/games:/usr/local/games

Yarn version: 
  1.17.3

Node version: 
  10.12.0

Platform: 
  linux x64

Trace: 
  Error: ENOENT: no such file or directory, lstat '/home/eeyorr/.cache/yarn/v4/npm-chrome-trace-event-1.0.2-234090ee97c7d4ad1a2c4beae27505deffc608a4/node_modules/chrome-trace-event/dist/trace-event.js.map'

npm manifest: 
  {
    "private": true,
    "name": "site",
    "version": "1.0.0",
    "license": "MIT",
    "scripts": {
      "build": "gatsby build",
      "develop": "gatsby develop",
      "clean": "gatsby clean"
    }
  }

yarn manifest: 
  No manifest

Lockfile: 
  No lockfile
